<?xml version="1.0" encoding="UTF-8"?>
<!-- Generated by org.testng.reporters.JUnitXMLReporter -->
<testsuite ignored="0" hostname="CHOUDHARYSHAAB" failures="1" tests="1" name="TestThread3" time="0.045" errors="0" timestamp="2025-10-14T23:21:11 IST">
  <testcase classname="types_Of_Executions.Demo3" name="case3" time="0.0">
    <failure type="org.testng.TestNGException" message="
Parameter &amp;apos;bro&amp;apos; is required by @Test on method case3 but has not been marked @Optional or defined
in C:\Users\ghalo\git\vtiger-crm-fm-A12\vtiger-crm-fm-A12\parallelDemo.xml">
      <![CDATA[org.testng.TestNGException: 
Parameter 'bro' is required by @Test on method case3 but has not been marked @Optional or defined
in C:\Users\ghalo\git\vtiger-crm-fm-A12\vtiger-crm-fm-A12\parallelDemo.xml
at java.base/java.util.ArrayList.forEach(ArrayList.java:1596)
at java.base/java.util.concurrent.FutureTask.run(FutureTask.java:317)
at java.base/java.util.concurrent.ThreadPoolExecutor.runWorker(ThreadPoolExecutor.java:1144)
at java.base/java.util.concurrent.ThreadPoolExecutor$Worker.run(ThreadPoolExecutor.java:642)
at java.base/java.lang.Thread.run(Thread.java:1583)
... Removed 16 stack frames]]>
    </failure>
  </testcase> <!-- case3 -->
</testsuite> <!-- TestThread3 -->
